<?xml version="1.0" encoding="utf-8"?><testsuites><testsuite name="pytest" errors="0" failures="0" skipped="0" tests="3" time="0.836" timestamp="2024-08-04T16:00:04.282333" hostname="8b35fd66d5e0"><testcase classname="tests.test_prediction" name="test_single_pred_not_none" time="0.027" /><testcase classname="tests.test_prediction" name="test_single_pred_str_type" time="0.023" /><testcase classname="tests.test_prediction" name="test_single_pred_validate" time="0.025" /></testsuite></testsuites>